2025-09-24 19:40:40,227 - INFO - 开始超参数搜索...
2025-09-24 19:40:40,228 - INFO - 搜索参数组合: 4 x 4 x 3 x 2 = 96 组
2025-09-24 19:40:40,228 - INFO - 进度: 1/96
2025-09-24 19:40:40,229 - INFO - 测试参数: init_std=0.01, resid_scale=0.1, layer_scale=0.5, use_deepnet_scaling=False
2025-09-24 19:42:32,671 - INFO - 开始超参数搜索...
2025-09-24 19:42:32,671 - INFO - 搜索参数组合: 5 x 1 x 3 x 2 = 30 组
2025-09-24 19:42:32,671 - INFO - 进度: 1/30
2025-09-24 19:42:32,672 - INFO - 测试参数: init_std=0.01, resid_scale=1.0, layer_scale=0.5, use_deepnet_scaling=False
2025-09-24 19:43:23,965 - INFO - 开始超参数搜索...
2025-09-24 19:43:23,965 - INFO - 搜索参数组合: 4 x 1 x 1 x 2 = 8 组
2025-09-24 19:43:23,965 - INFO - 进度: 1/8
2025-09-24 19:43:23,966 - INFO - 测试参数: init_std=0.02, resid_scale=1.0, layer_scale=1.0, use_deepnet_scaling=False
2025-09-24 19:43:49,765 - INFO -   Epoch 1/2: train_loss=8.7226, val_loss=8.7225
2025-09-24 19:44:08,073 - INFO -   Epoch 2/2: train_loss=8.7225, val_loss=8.7225
2025-09-24 19:44:19,542 - INFO - 开始超参数搜索...
2025-09-24 19:44:19,542 - INFO - 搜索参数组合: 4 x 1 x 1 x 2 = 8 组
2025-09-24 19:44:19,542 - INFO - 进度: 1/8
2025-09-24 19:44:19,543 - INFO - 测试参数: init_std=0.02, resid_scale=1.0, layer_scale=1.0, use_deepnet_scaling=False
2025-09-24 19:44:45,449 - INFO -   Epoch 1/1: train_loss=8.7226, val_loss=8.7225
2025-09-24 19:45:01,929 - INFO -  最佳验证损失: 8.7225
2025-09-24 19:45:01,930 - INFO -  最终验证损失: 8.7225
2025-09-24 19:45:01,930 - INFO -  平均梯度范数: 0.000102
2025-09-24 19:45:01,930 - INFO -  输出方差: 0.000000
2025-09-24 19:45:01,930 - INFO -  激活均值: -0.000014
2025-09-24 19:45:01,930 - INFO -  激活方差: 0.000000

2025-09-24 19:45:01,931 - INFO - 进度: 2/8
2025-09-24 19:45:01,931 - INFO - 测试参数: init_std=0.02, resid_scale=1.0, layer_scale=1.0, use_deepnet_scaling=True
2025-09-24 19:45:25,951 - INFO -   Epoch 1/1: train_loss=8.7226, val_loss=8.7225
2025-09-24 19:45:42,330 - INFO -  最佳验证损失: 8.7225
2025-09-24 19:45:42,331 - INFO -  最终验证损失: 8.7225
2025-09-24 19:45:42,331 - INFO -  平均梯度范数: 0.000094
2025-09-24 19:45:42,331 - INFO -  输出方差: 0.000000
2025-09-24 19:45:42,331 - INFO -  激活均值: -0.000029
2025-09-24 19:45:42,331 - INFO -  激活方差: 0.000000

2025-09-24 19:45:42,332 - INFO - 进度: 3/8
2025-09-24 19:45:42,332 - INFO - 测试参数: init_std=0.1, resid_scale=1.0, layer_scale=1.0, use_deepnet_scaling=False
2025-09-24 19:46:06,313 - INFO -   Epoch 1/1: train_loss=8.7225, val_loss=8.7225
2025-09-24 19:46:22,772 - INFO -  最佳验证损失: 8.7225
2025-09-24 19:46:22,772 - INFO -  最终验证损失: 8.7225
2025-09-24 19:46:22,772 - INFO -  平均梯度范数: 0.000526
2025-09-24 19:46:22,772 - INFO -  输出方差: 0.000002
2025-09-24 19:46:22,773 - INFO -  激活均值: -0.000024
2025-09-24 19:46:22,773 - INFO -  激活方差: 0.000000

2025-09-24 19:46:22,774 - INFO - 进度: 4/8
2025-09-24 19:46:22,774 - INFO - 测试参数: init_std=0.1, resid_scale=1.0, layer_scale=1.0, use_deepnet_scaling=True
2025-09-24 19:46:46,805 - INFO -   Epoch 1/1: train_loss=8.7225, val_loss=8.7225
2025-09-24 19:47:03,164 - INFO -  最佳验证损失: 8.7225
2025-09-24 19:47:03,164 - INFO -  最终验证损失: 8.7225
2025-09-24 19:47:03,164 - INFO -  平均梯度范数: 0.000300
2025-09-24 19:47:03,164 - INFO -  输出方差: 0.000001
2025-09-24 19:47:03,164 - INFO -  激活均值: -0.000001
2025-09-24 19:47:03,165 - INFO -  激活方差: 0.000000

2025-09-24 19:47:03,166 - INFO - 进度: 5/8
2025-09-24 19:47:03,166 - INFO - 测试参数: init_std=0.3, resid_scale=1.0, layer_scale=1.0, use_deepnet_scaling=False
2025-09-24 19:47:27,430 - INFO -   Epoch 1/1: train_loss=8.7224, val_loss=8.7224
2025-09-24 19:47:43,811 - INFO -  最佳验证损失: 8.7224
2025-09-24 19:47:43,811 - INFO -  最终验证损失: 8.7224
2025-09-24 19:47:43,811 - INFO -  平均梯度范数: 0.001294
2025-09-24 19:47:43,811 - INFO -  输出方差: 0.000013
2025-09-24 19:47:43,811 - INFO -  激活均值: 0.000023
2025-09-24 19:47:43,811 - INFO -  激活方差: 0.000002

2025-09-24 19:47:43,812 - INFO - 进度: 6/8
2025-09-24 19:47:43,813 - INFO - 测试参数: init_std=0.3, resid_scale=1.0, layer_scale=1.0, use_deepnet_scaling=True
2025-09-24 19:48:07,794 - INFO -   Epoch 1/1: train_loss=8.7224, val_loss=8.7223
2025-09-24 19:48:24,354 - INFO -  最佳验证损失: 8.7223
2025-09-24 19:48:24,355 - INFO -  最终验证损失: 8.7223
2025-09-24 19:48:24,355 - INFO -  平均梯度范数: 0.000881
2025-09-24 19:48:24,355 - INFO -  输出方差: 0.000007
2025-09-24 19:48:24,355 - INFO -  激活均值: -0.000041
2025-09-24 19:48:24,355 - INFO -  激活方差: 0.000001

2025-09-24 19:48:24,356 - INFO - 进度: 7/8
2025-09-24 19:48:24,356 - INFO - 测试参数: init_std=0.7, resid_scale=1.0, layer_scale=1.0, use_deepnet_scaling=False
2025-09-24 19:48:48,474 - INFO -   Epoch 1/1: train_loss=8.7222, val_loss=8.7212
2025-09-24 19:49:04,966 - INFO -  最佳验证损失: 8.7212
2025-09-24 19:49:04,967 - INFO -  最终验证损失: 8.7212
2025-09-24 19:49:04,967 - INFO -  平均梯度范数: 0.002407
2025-09-24 19:49:04,967 - INFO -  输出方差: 0.000072
2025-09-24 19:49:04,967 - INFO -  激活均值: -0.000060
2025-09-24 19:49:04,967 - INFO -  激活方差: 0.000009

2025-09-24 19:49:04,968 - INFO - 进度: 8/8
2025-09-24 19:49:04,969 - INFO - 测试参数: init_std=0.7, resid_scale=1.0, layer_scale=1.0, use_deepnet_scaling=True
2025-09-24 19:49:29,115 - INFO -   Epoch 1/1: train_loss=8.7222, val_loss=8.7219
2025-09-24 19:49:45,703 - INFO -  最佳验证损失: 8.7219
2025-09-24 19:49:45,703 - INFO -  最终验证损失: 8.7219
2025-09-24 19:49:45,703 - INFO -  平均梯度范数: 0.002772
2025-09-24 19:49:45,703 - INFO -  输出方差: 0.000040
2025-09-24 19:49:45,703 - INFO -  激活均值: -0.000043
2025-09-24 19:49:45,705 - INFO -  激活方差: 0.000006

2025-09-24 19:49:45,706 - INFO - 搜索完成! 总耗时: 5.44 分钟
2025-09-24 19:49:45,706 - INFO - 
按验证损失排序的最佳参数组合:
2025-09-24 19:49:45,708 - INFO -  init_std: 0.7
2025-09-24 19:49:45,708 - INFO -  resid_scale: 1.0
2025-09-24 19:49:45,708 - INFO -   layer_scale: 1.0
2025-09-24 19:49:45,708 - INFO -   use_deepnet_scaling: False
2025-09-24 19:49:45,708 - INFO -  验证损失: 8.7212
2025-09-24 19:49:45,708 - INFO -  梯度范数: 0.002407
2025-09-24 19:49:45,708 - INFO -  输出方差: 0.000072
2025-09-24 19:49:45,709 - INFO -  激活均值: -0.000060
2025-09-24 19:49:45,709 - INFO -  激活方差: 0.000009
2025-09-24 19:49:45,709 - INFO - 
按梯度稳定性排序的最佳参数组合:
2025-09-24 19:49:45,709 - INFO -  init_std: 0.7
2025-09-24 19:49:45,709 - INFO -   resid_scale: 1.0
2025-09-24 19:49:45,709 - INFO -   layer_scale: 1.0
2025-09-24 19:49:45,709 - INFO -   use_deepnet_scaling: True
2025-09-24 19:49:45,709 - INFO -  验证损失: 8.7219
2025-09-24 19:49:45,709 - INFO -  梯度范数: 0.002772
2025-09-24 19:49:45,709 - INFO -  输出方差: 0.000040
2025-09-24 19:49:45,709 - INFO -  激活均值: -0.000043
2025-09-24 19:49:45,709 - INFO -  激活方差: 0.000006
2025-09-24 19:49:45,709 - INFO - 
综合评估的最佳参数组合:
2025-09-24 19:49:45,709 - INFO -   init_std: 0.7
2025-09-24 19:49:45,710 - INFO -   resid_scale: 1.0
2025-09-24 19:49:45,710 - INFO -   layer_scale: 1.0
2025-09-24 19:49:45,710 - INFO -   use_deepnet_scaling: True
2025-09-24 19:49:45,710 - INFO -  验证损失: 8.7219
2025-09-24 19:49:45,710 - INFO -  梯度范数: 0.002772
2025-09-24 19:49:45,710 - INFO -  输出方差: 0.000040
2025-09-24 19:49:45,712 - INFO -  激活均值: -0.000043
2025-09-24 19:49:45,712 - INFO -  激活方差: 0.000006
2025-09-24 19:49:49,758 - INFO - 结果图表已保存至: hyperparameter_search_logs\hyperparameter_search_results.png
